  [1m[35m (0.9ms)[0m  [1m[34mSELECT sqlite_version(*)[0m
  [1m[35m (4.7ms)[0m  [1m[35mCREATE TABLE "schema_migrations" ("version" varchar NOT NULL PRIMARY KEY)[0m
  [1m[35m (3.4ms)[0m  [1m[35mCREATE TABLE "ar_internal_metadata" ("key" varchar NOT NULL PRIMARY KEY, "value" varchar, "created_at" datetime(6) NOT NULL, "updated_at" datetime(6) NOT NULL)[0m
  [1m[36mActiveRecord::SchemaMigration Pluck (0.1ms)[0m  [1m[34mSELECT "schema_migrations"."version" FROM "schema_migrations" ORDER BY "schema_migrations"."version" ASC[0m
Migrating to CreateTodos (20220609075418)
  [1m[36mTRANSACTION (0.0ms)[0m  [1m[36mbegin transaction[0m
  [1m[35m (0.2ms)[0m  [1m[35mCREATE TABLE "todos" ("id" integer PRIMARY KEY AUTOINCREMENT NOT NULL, "title" varchar, "status" integer DEFAULT 0, "created_at" datetime(6) NOT NULL, "updated_at" datetime(6) NOT NULL)[0m
  [1m[36mActiveRecord::SchemaMigration Create (0.1ms)[0m  [1m[32mINSERT INTO "schema_migrations" ("version") VALUES (?)[0m  [["version", "20220609075418"]]
  [1m[36mTRANSACTION (5.0ms)[0m  [1m[36mcommit transaction[0m
  [1m[36mActiveRecord::InternalMetadata Load (0.1ms)[0m  [1m[34mSELECT "ar_internal_metadata".* FROM "ar_internal_metadata" WHERE "ar_internal_metadata"."key" = ? LIMIT ?[0m  [["key", "environment"], ["LIMIT", 1]]
  [1m[36mTRANSACTION (0.0ms)[0m  [1m[36mbegin transaction[0m
  [1m[36mActiveRecord::InternalMetadata Create (0.2ms)[0m  [1m[32mINSERT INTO "ar_internal_metadata" ("key", "value", "created_at", "updated_at") VALUES (?, ?, ?, ?)[0m  [["key", "environment"], ["value", "development"], ["created_at", "2022-06-09 07:55:35.396763"], ["updated_at", "2022-06-09 07:55:35.396763"]]
  [1m[36mTRANSACTION (4.1ms)[0m  [1m[36mcommit transaction[0m
  [1m[35m (0.2ms)[0m  [1m[34mSELECT sqlite_version(*)[0m
  [1m[36mActiveRecord::SchemaMigration Pluck (0.3ms)[0m  [1m[34mSELECT "schema_migrations"."version" FROM "schema_migrations" ORDER BY "schema_migrations"."version" ASC[0m
Started GET "/" for ::1 at 2022-06-09 15:56:13 +0800
  [1m[35m (0.6ms)[0m  [1m[34mSELECT sqlite_version(*)[0m
  [1m[36mActiveRecord::SchemaMigration Pluck (0.1ms)[0m  [1m[34mSELECT "schema_migrations"."version" FROM "schema_migrations" ORDER BY "schema_migrations"."version" ASC[0m
Processing by TodosController#index as HTML
  Rendering layout layouts/application.html.erb
  Rendering todos/index.html.erb within layouts/application
  [1m[36mTodo Load (0.2ms)[0m  [1m[34mSELECT "todos".* FROM "todos"[0m
  ↳ app/views/todos/index.html.erb:12
  Rendered collection of templates [0 times] (Duration: 0.0ms | Allocations: 30)
  Rendered todos/index.html.erb within layouts/application (Duration: 5.9ms | Allocations: 2191)
  Rendered layout layouts/application.html.erb (Duration: 176.6ms | Allocations: 141938)
Completed 200 OK in 197ms (Views: 186.9ms | ActiveRecord: 0.2ms | Allocations: 149815)


Started GET "/todos/new" for ::1 at 2022-06-09 15:56:16 +0800
Processing by TodosController#new as HTML
  Rendering layout layouts/application.html.erb
  Rendering todos/new.html.erb within layouts/application
  Rendered todos/_form.html.erb (Duration: 17.5ms | Allocations: 5676)
  Rendered todos/new.html.erb within layouts/application (Duration: 19.8ms | Allocations: 6067)
  Rendered layout layouts/application.html.erb (Duration: 28.6ms | Allocations: 12787)
Completed 200 OK in 50ms (Views: 29.9ms | ActiveRecord: 1.6ms | Allocations: 17930)


Started GET "/" for ::1 at 2022-06-09 15:57:35 +0800
Processing by TodosController#index as HTML
  Rendering layout layouts/application.html.erb
  Rendering todos/index.html.erb within layouts/application
  [1m[36mTodo Load (0.3ms)[0m  [1m[34mSELECT "todos".* FROM "todos"[0m
  ↳ app/views/todos/index.html.erb:12
  Rendered collection of templates [0 times] (Duration: 0.1ms | Allocations: 15)
  Rendered todos/index.html.erb within layouts/application (Duration: 6.7ms | Allocations: 1516)
  Rendered layout layouts/application.html.erb (Duration: 22.0ms | Allocations: 8550)
Completed 200 OK in 28ms (Views: 25.7ms | ActiveRecord: 0.3ms | Allocations: 9786)


Started GET "/" for ::1 at 2022-06-09 15:57:50 +0800
Processing by TodosController#index as HTML
  Rendering layout layouts/application.html.erb
  Rendering todos/index.html.erb within layouts/application
  Rendered todos/_form.html.erb (Duration: 3.3ms | Allocations: 1828)
  [1m[36mTodo Load (0.1ms)[0m  [1m[34mSELECT "todos".* FROM "todos"[0m
  ↳ app/views/todos/index.html.erb:9
  Rendered collection of templates [0 times] (Duration: 0.0ms | Allocations: 15)
  Rendered todos/index.html.erb within layouts/application (Duration: 4.9ms | Allocations: 2891)
  Rendered layout layouts/application.html.erb (Duration: 10.3ms | Allocations: 9897)
Completed 200 OK in 12ms (Views: 11.5ms | ActiveRecord: 0.1ms | Allocations: 11118)


Started GET "/" for ::1 at 2022-06-09 16:02:08 +0800
Processing by TodosController#index as HTML
  Rendering layout layouts/application.html.erb
  Rendering todos/index.html.erb within layouts/application
  Rendered todos/_form.html.erb (Duration: 2.0ms | Allocations: 1825)
  [1m[36mTodo Load (0.1ms)[0m  [1m[34mSELECT "todos".* FROM "todos"[0m
  ↳ app/views/todos/index.html.erb:9
  Rendered collection of templates [0 times] (Duration: 0.0ms | Allocations: 15)
  Rendered todos/index.html.erb within layouts/application (Duration: 3.6ms | Allocations: 2885)
  Rendered layout layouts/application.html.erb (Duration: 10.1ms | Allocations: 9905)
Completed 200 OK in 12ms (Views: 11.2ms | ActiveRecord: 0.1ms | Allocations: 11147)


Started GET "/" for ::1 at 2022-06-09 16:02:58 +0800
Processing by TodosController#index as HTML
  Rendering layout layouts/application.html.erb
  Rendering todos/index.html.erb within layouts/application
  Rendered todos/_form.html.erb (Duration: 1.7ms | Allocations: 1626)
  [1m[36mTodo Load (0.1ms)[0m  [1m[34mSELECT "todos".* FROM "todos"[0m
  ↳ app/views/todos/index.html.erb:9
  Rendered collection of templates [0 times] (Duration: 0.0ms | Allocations: 15)
  Rendered todos/index.html.erb within layouts/application (Duration: 3.2ms | Allocations: 2702)
  Rendered layout layouts/application.html.erb (Duration: 9.2ms | Allocations: 9724)
Completed 200 OK in 11ms (Views: 10.3ms | ActiveRecord: 0.1ms | Allocations: 10952)


Started POST "/todos" for ::1 at 2022-06-09 16:03:01 +0800
Processing by TodosController#create as TURBO_STREAM
  Parameters: {"authenticity_token"=>"[FILTERED]", "todo"=>{"title"=>""}, "commit"=>"Create Todo"}
  [1m[36mTRANSACTION (0.1ms)[0m  [1m[36mbegin transaction[0m
  ↳ app/controllers/todos_controller.rb:27:in `block in create'
  [1m[36mTodo Create (0.3ms)[0m  [1m[32mINSERT INTO "todos" ("title", "status", "created_at", "updated_at") VALUES (?, ?, ?, ?)[0m  [["title", ""], ["status", 0], ["created_at", "2022-06-09 08:03:01.566694"], ["updated_at", "2022-06-09 08:03:01.566694"]]
  ↳ app/controllers/todos_controller.rb:27:in `block in create'
  [1m[36mTRANSACTION (3.0ms)[0m  [1m[36mcommit transaction[0m
  ↳ app/controllers/todos_controller.rb:27:in `block in create'
Redirected to http://localhost:8000/todos/1
Completed 302 Found in 10ms (ActiveRecord: 3.4ms | Allocations: 4380)


Started GET "/todos/1" for ::1 at 2022-06-09 16:03:01 +0800
Processing by TodosController#show as TURBO_STREAM
  Parameters: {"id"=>"1"}
  [1m[36mTodo Load (0.2ms)[0m  [1m[34mSELECT "todos".* FROM "todos" WHERE "todos"."id" = ? LIMIT ?[0m  [["id", 1], ["LIMIT", 1]]
  ↳ app/controllers/todos_controller.rb:63:in `set_todo'
  Rendering layout layouts/application.html.erb
  Rendering todos/show.html.erb within layouts/application
  Rendered todos/_todo.html.erb (Duration: 0.4ms | Allocations: 202)
  Rendered todos/show.html.erb within layouts/application (Duration: 2.9ms | Allocations: 1966)
  Rendered layout layouts/application.html.erb (Duration: 15.3ms | Allocations: 8778)
Completed 200 OK in 19ms (Views: 15.9ms | ActiveRecord: 0.2ms | Allocations: 11903)


Started GET "/todos/1" for ::1 at 2022-06-09 16:03:01 +0800
Processing by TodosController#show as HTML
  Parameters: {"id"=>"1"}
  [1m[36mTodo Load (0.1ms)[0m  [1m[34mSELECT "todos".* FROM "todos" WHERE "todos"."id" = ? LIMIT ?[0m  [["id", 1], ["LIMIT", 1]]
  ↳ app/controllers/todos_controller.rb:63:in `set_todo'
  Rendering layout layouts/application.html.erb
  Rendering todos/show.html.erb within layouts/application
  Rendered todos/_todo.html.erb (Duration: 0.1ms | Allocations: 21)
  Rendered todos/show.html.erb within layouts/application (Duration: 1.1ms | Allocations: 886)
  Rendered layout layouts/application.html.erb (Duration: 9.0ms | Allocations: 7464)
Completed 200 OK in 11ms (Views: 9.5ms | ActiveRecord: 0.1ms | Allocations: 8355)


Started GET "/todos/1/edit" for ::1 at 2022-06-09 16:03:04 +0800
Processing by TodosController#edit as HTML
  Parameters: {"id"=>"1"}
  [1m[36mTodo Load (0.2ms)[0m  [1m[34mSELECT "todos".* FROM "todos" WHERE "todos"."id" = ? LIMIT ?[0m  [["id", 1], ["LIMIT", 1]]
  ↳ app/controllers/todos_controller.rb:63:in `set_todo'
  Rendering layout layouts/application.html.erb
  Rendering todos/edit.html.erb within layouts/application
  Rendered todos/_form.html.erb (Duration: 4.7ms | Allocations: 1219)
  Rendered todos/edit.html.erb within layouts/application (Duration: 7.2ms | Allocations: 1579)
  Rendered layout layouts/application.html.erb (Duration: 30.1ms | Allocations: 8172)
Completed 200 OK in 35ms (Views: 31.2ms | ActiveRecord: 0.2ms | Allocations: 9037)


Started GET "/todos/1/edit" for ::1 at 2022-06-09 16:03:04 +0800
Processing by TodosController#edit as HTML
  Parameters: {"id"=>"1"}
  [1m[36mTodo Load (0.1ms)[0m  [1m[34mSELECT "todos".* FROM "todos" WHERE "todos"."id" = ? LIMIT ?[0m  [["id", 1], ["LIMIT", 1]]
  ↳ app/controllers/todos_controller.rb:63:in `set_todo'
  Rendering layout layouts/application.html.erb
  Rendering todos/edit.html.erb within layouts/application
  Rendered todos/_form.html.erb (Duration: 2.2ms | Allocations: 1114)
  Rendered todos/edit.html.erb within layouts/application (Duration: 3.0ms | Allocations: 1276)
  Rendered layout layouts/application.html.erb (Duration: 13.7ms | Allocations: 7852)
Completed 200 OK in 17ms (Views: 14.5ms | ActiveRecord: 0.1ms | Allocations: 8658)


Started PATCH "/todos/1" for ::1 at 2022-06-09 16:03:11 +0800
Processing by TodosController#update as TURBO_STREAM
  Parameters: {"authenticity_token"=>"[FILTERED]", "todo"=>{"title"=>"Design"}, "commit"=>"Update Todo", "id"=>"1"}
  [1m[36mTodo Load (0.2ms)[0m  [1m[34mSELECT "todos".* FROM "todos" WHERE "todos"."id" = ? LIMIT ?[0m  [["id", 1], ["LIMIT", 1]]
  ↳ app/controllers/todos_controller.rb:63:in `set_todo'
  [1m[36mTRANSACTION (0.1ms)[0m  [1m[36mbegin transaction[0m
  ↳ app/controllers/todos_controller.rb:40:in `block in update'
  [1m[36mTodo Update (0.5ms)[0m  [1m[33mUPDATE "todos" SET "title" = ?, "updated_at" = ? WHERE "todos"."id" = ?[0m  [["title", "Design"], ["updated_at", "2022-06-09 08:03:11.982150"], ["id", 1]]
  ↳ app/controllers/todos_controller.rb:40:in `block in update'
  [1m[36mTRANSACTION (4.5ms)[0m  [1m[36mcommit transaction[0m
  ↳ app/controllers/todos_controller.rb:40:in `block in update'
Redirected to http://localhost:8000/todos/1
Completed 302 Found in 20ms (ActiveRecord: 5.4ms | Allocations: 3325)


Started GET "/todos/1" for ::1 at 2022-06-09 16:03:12 +0800
Processing by TodosController#show as TURBO_STREAM
  Parameters: {"id"=>"1"}
  [1m[36mTodo Load (0.2ms)[0m  [1m[34mSELECT "todos".* FROM "todos" WHERE "todos"."id" = ? LIMIT ?[0m  [["id", 1], ["LIMIT", 1]]
  ↳ app/controllers/todos_controller.rb:63:in `set_todo'
  Rendering layout layouts/application.html.erb
  Rendering todos/show.html.erb within layouts/application
  Rendered todos/_todo.html.erb (Duration: 0.2ms | Allocations: 21)
  Rendered todos/show.html.erb within layouts/application (Duration: 3.0ms | Allocations: 857)
  Rendered layout layouts/application.html.erb (Duration: 17.7ms | Allocations: 7433)
Completed 200 OK in 22ms (Views: 18.8ms | ActiveRecord: 0.2ms | Allocations: 8245)


Started GET "/todos/1" for ::1 at 2022-06-09 16:03:12 +0800
Processing by TodosController#show as HTML
  Parameters: {"id"=>"1"}
  [1m[36mTodo Load (0.1ms)[0m  [1m[34mSELECT "todos".* FROM "todos" WHERE "todos"."id" = ? LIMIT ?[0m  [["id", 1], ["LIMIT", 1]]
  ↳ app/controllers/todos_controller.rb:63:in `set_todo'
  Rendering layout layouts/application.html.erb
  Rendering todos/show.html.erb within layouts/application
  Rendered todos/_todo.html.erb (Duration: 0.1ms | Allocations: 21)
  Rendered todos/show.html.erb within layouts/application (Duration: 0.9ms | Allocations: 816)
  Rendered layout layouts/application.html.erb (Duration: 7.1ms | Allocations: 7395)
Completed 200 OK in 9ms (Views: 7.6ms | ActiveRecord: 0.1ms | Allocations: 8201)


Started GET "/todos" for ::1 at 2022-06-09 16:03:13 +0800
Processing by TodosController#index as HTML
  Rendering layout layouts/application.html.erb
  Rendering todos/index.html.erb within layouts/application
  Rendered todos/_form.html.erb (Duration: 4.2ms | Allocations: 1037)
  [1m[36mTodo Load (0.3ms)[0m  [1m[34mSELECT "todos".* FROM "todos"[0m
  ↳ app/views/todos/index.html.erb:9
  Rendered collection of todos/_todo.html.erb [1 times] (Duration: 1.7ms | Allocations: 185)
  Rendered todos/index.html.erb within layouts/application (Duration: 10.2ms | Allocations: 2046)
  Rendered layout layouts/application.html.erb (Duration: 26.1ms | Allocations: 8728)
Completed 200 OK in 28ms (Views: 26.9ms | ActiveRecord: 0.3ms | Allocations: 9070)


Started GET "/todos" for ::1 at 2022-06-09 16:03:13 +0800
Processing by TodosController#index as HTML
  Rendering layout layouts/application.html.erb
  Rendering todos/index.html.erb within layouts/application
  Rendered todos/_form.html.erb (Duration: 1.6ms | Allocations: 1035)
  [1m[36mTodo Load (0.1ms)[0m  [1m[34mSELECT "todos".* FROM "todos"[0m
  ↳ app/views/todos/index.html.erb:9
  Rendered collection of todos/_todo.html.erb [1 times] (Duration: 0.1ms | Allocations: 30)
  Rendered todos/index.html.erb within layouts/application (Duration: 2.9ms | Allocations: 1824)
  Rendered layout layouts/application.html.erb (Duration: 10.4ms | Allocations: 8413)
Completed 200 OK in 11ms (Views: 10.8ms | ActiveRecord: 0.1ms | Allocations: 8750)


Started GET "/todos" for ::1 at 2022-06-09 16:10:01 +0800
  
Zeitwerk::NameError (wrong constant name TodosController copy inferred by Module from file

  /home/shinkansen/rails/hotwired_bank/turbo-todos/app/controllers/todos_controller copy.rb

Possible ways to address this:

  * Tell Zeitwerk to ignore this particular file.
  * Tell Zeitwerk to ignore one of its parent directories.
  * Rename the file to comply with the naming conventions.
  * Modify the inflector to handle this case.
):
  
zeitwerk (2.5.4) lib/zeitwerk/loader.rb:360:in `rescue in block in set_autoloads_in_dir'
zeitwerk (2.5.4) lib/zeitwerk/loader.rb:336:in `block in set_autoloads_in_dir'
zeitwerk (2.5.4) lib/zeitwerk/loader/helpers.rb:26:in `block in ls'
zeitwerk (2.5.4) lib/zeitwerk/loader/helpers.rb:18:in `each_child'
zeitwerk (2.5.4) lib/zeitwerk/loader/helpers.rb:18:in `ls'
zeitwerk (2.5.4) lib/zeitwerk/loader.rb:335:in `set_autoloads_in_dir'
zeitwerk (2.5.4) lib/zeitwerk/loader.rb:103:in `block (2 levels) in setup'
zeitwerk (2.5.4) lib/zeitwerk/loader.rb:102:in `each'
zeitwerk (2.5.4) lib/zeitwerk/loader.rb:102:in `block in setup'
zeitwerk (2.5.4) lib/zeitwerk/loader.rb:99:in `synchronize'
zeitwerk (2.5.4) lib/zeitwerk/loader.rb:99:in `setup'
zeitwerk (2.5.4) lib/zeitwerk/loader.rb:203:in `reload'
activesupport (7.0.3) lib/active_support/dependencies.rb:79:in `block in clear'
activesupport (7.0.3) lib/active_support/concurrency/share_lock.rb:151:in `exclusive'
activesupport (7.0.3) lib/active_support/dependencies/interlock.rb:17:in `unloading'
activesupport (7.0.3) lib/active_support/dependencies.rb:32:in `unload_interlock'
activesupport (7.0.3) lib/active_support/dependencies.rb:77:in `clear'
railties (7.0.3) lib/rails/application/finisher.rb:181:in `block (2 levels) in <module:Finisher>'
activesupport (7.0.3) lib/active_support/file_update_checker.rb:83:in `execute'
railties (7.0.3) lib/rails/application/finisher.rb:210:in `block (3 levels) in <module:Finisher>'
activesupport (7.0.3) lib/active_support/callbacks.rb:107:in `run_callbacks'
activesupport (7.0.3) lib/active_support/reloader.rb:120:in `class_unload!'
railties (7.0.3) lib/rails/application/finisher.rb:209:in `block (2 levels) in <module:Finisher>'
activesupport (7.0.3) lib/active_support/callbacks.rb:445:in `instance_exec'
activesupport (7.0.3) lib/active_support/callbacks.rb:445:in `block in make_lambda'
activesupport (7.0.3) lib/active_support/callbacks.rb:199:in `block (2 levels) in halting'
activesupport (7.0.3) lib/active_support/callbacks.rb:687:in `block (2 levels) in default_terminator'
activesupport (7.0.3) lib/active_support/callbacks.rb:686:in `catch'
activesupport (7.0.3) lib/active_support/callbacks.rb:686:in `block in default_terminator'
activesupport (7.0.3) lib/active_support/callbacks.rb:200:in `block in halting'
activesupport (7.0.3) lib/active_support/callbacks.rb:595:in `block in invoke_before'
activesupport (7.0.3) lib/active_support/callbacks.rb:595:in `each'
activesupport (7.0.3) lib/active_support/callbacks.rb:595:in `invoke_before'
activesupport (7.0.3) lib/active_support/callbacks.rb:106:in `run_callbacks'
activesupport (7.0.3) lib/active_support/execution_wrapper.rb:129:in `run'
activesupport (7.0.3) lib/active_support/execution_wrapper.rb:125:in `run!'
activesupport (7.0.3) lib/active_support/reloader.rb:114:in `run!'
activesupport (7.0.3) lib/active_support/execution_wrapper.rb:78:in `block in run!'
<internal:kernel>:90:in `tap'
activesupport (7.0.3) lib/active_support/execution_wrapper.rb:75:in `run!'
activesupport (7.0.3) lib/active_support/reloader.rb:63:in `run!'
actionpack (7.0.3) lib/action_dispatch/middleware/executor.rb:12:in `call'
actionpack (7.0.3) lib/action_dispatch/middleware/actionable_exceptions.rb:17:in `call'
actionpack (7.0.3) lib/action_dispatch/middleware/debug_exceptions.rb:28:in `call'
web-console (4.2.0) lib/web_console/middleware.rb:132:in `call_app'
web-console (4.2.0) lib/web_console/middleware.rb:28:in `block in call'
web-console (4.2.0) lib/web_console/middleware.rb:17:in `catch'
web-console (4.2.0) lib/web_console/middleware.rb:17:in `call'
actionpack (7.0.3) lib/action_dispatch/middleware/show_exceptions.rb:26:in `call'
railties (7.0.3) lib/rails/rack/logger.rb:40:in `call_app'
railties (7.0.3) lib/rails/rack/logger.rb:25:in `block in call'
activesupport (7.0.3) lib/active_support/tagged_logging.rb:114:in `block in tagged'
activesupport (7.0.3) lib/active_support/tagged_logging.rb:38:in `tagged'
activesupport (7.0.3) lib/active_support/tagged_logging.rb:114:in `tagged'
railties (7.0.3) lib/rails/rack/logger.rb:25:in `call'
sprockets-rails (3.4.2) lib/sprockets/rails/quiet_assets.rb:13:in `call'
actionpack (7.0.3) lib/action_dispatch/middleware/remote_ip.rb:93:in `call'
actionpack (7.0.3) lib/action_dispatch/middleware/request_id.rb:26:in `call'
rack (2.2.3.1) lib/rack/method_override.rb:24:in `call'
rack (2.2.3.1) lib/rack/runtime.rb:22:in `call'
activesupport (7.0.3) lib/active_support/cache/strategy/local_cache_middleware.rb:29:in `call'
actionpack (7.0.3) lib/action_dispatch/middleware/server_timing.rb:20:in `call'
actionpack (7.0.3) lib/action_dispatch/middleware/executor.rb:14:in `call'
actionpack (7.0.3) lib/action_dispatch/middleware/static.rb:23:in `call'
rack (2.2.3.1) lib/rack/sendfile.rb:110:in `call'
actionpack (7.0.3) lib/action_dispatch/middleware/host_authorization.rb:137:in `call'
railties (7.0.3) lib/rails/engine.rb:530:in `call'
puma (5.6.4) lib/puma/configuration.rb:252:in `call'
puma (5.6.4) lib/puma/request.rb:77:in `block in handle_request'
puma (5.6.4) lib/puma/thread_pool.rb:340:in `with_force_shutdown'
puma (5.6.4) lib/puma/request.rb:76:in `handle_request'
puma (5.6.4) lib/puma/server.rb:441:in `process_client'
puma (5.6.4) lib/puma/thread_pool.rb:147:in `block in spawn_thread'
Started GET "/todos" for ::1 at 2022-06-09 16:11:00 +0800
  
ActionController::RoutingError (uninitialized constant TodosController):
  
Started GET "/todos" for ::1 at 2022-06-09 16:11:55 +0800
  
ActionController::RoutingError (uninitialized constant TodosController):
  
Started GET "/todos" for ::1 at 2022-06-09 16:11:57 +0800
  
ActionController::RoutingError (uninitialized constant TodosController):
  
Started GET "/todos" for ::1 at 2022-06-09 16:11:59 +0800
  
ActionController::RoutingError (uninitialized constant TodosController):
  
Started GET "/todos" for ::1 at 2022-06-09 16:12:00 +0800
  
ActionController::RoutingError (uninitialized constant TodosController):
  
Started GET "/todos" for ::1 at 2022-06-09 16:12:01 +0800
  
ActionController::RoutingError (uninitialized constant TodosController):
  
Started GET "/todos" for ::1 at 2022-06-09 16:12:21 +0800
  [1m[35m (1.0ms)[0m  [1m[34mSELECT sqlite_version(*)[0m
  [1m[36mActiveRecord::SchemaMigration Pluck (0.2ms)[0m  [1m[34mSELECT "schema_migrations"."version" FROM "schema_migrations" ORDER BY "schema_migrations"."version" ASC[0m
Processing by TodosController#index as HTML
  Rendering layout layouts/application.html.erb
  Rendering todos/index.html.erb within layouts/application
  Rendered todos/_form.html.erb (Duration: 8.7ms | Allocations: 3771)
  [1m[36mTodo Load (0.2ms)[0m  [1m[34mSELECT "todos".* FROM "todos"[0m
  ↳ app/views/todos/index.html.erb:9
  Rendered collection of todos/_todo.html.erb [1 times] (Duration: 0.6ms | Allocations: 233)
  Rendered todos/index.html.erb within layouts/application (Duration: 20.9ms | Allocations: 10435)
  Rendered layout layouts/application.html.erb (Duration: 70.6ms | Allocations: 61647)
Completed 200 OK in 80ms (Views: 72.6ms | ActiveRecord: 0.7ms | Allocations: 68336)


Started POST "/todos" for ::1 at 2022-06-09 16:12:30 +0800
Processing by TodosController#create as TURBO_STREAM
  Parameters: {"authenticity_token"=>"[FILTERED]", "todo"=>{"title"=>"Stimulus"}, "commit"=>"Create Todo"}
  [1m[36mTRANSACTION (0.0ms)[0m  [1m[36mbegin transaction[0m
  ↳ app/controllers/todos_controller.rb:41:in `block in create'
  [1m[36mTodo Create (0.2ms)[0m  [1m[32mINSERT INTO "todos" ("title", "status", "created_at", "updated_at") VALUES (?, ?, ?, ?)[0m  [["title", "Stimulus"], ["status", 0], ["created_at", "2022-06-09 08:12:30.062645"], ["updated_at", "2022-06-09 08:12:30.062645"]]
  ↳ app/controllers/todos_controller.rb:41:in `block in create'
  [1m[36mTRANSACTION (2.6ms)[0m  [1m[36mcommit transaction[0m
  ↳ app/controllers/todos_controller.rb:41:in `block in create'
No template found for TodosController#create, rendering head :no_content
Completed 204 No Content in 6ms (ActiveRecord: 2.8ms | Allocations: 4544)


Started POST "/todos" for ::1 at 2022-06-09 16:12:34 +0800
Processing by TodosController#create as TURBO_STREAM
  Parameters: {"authenticity_token"=>"[FILTERED]", "todo"=>{"title"=>"Stimulus"}, "commit"=>"Create Todo"}
  [1m[36mTRANSACTION (0.1ms)[0m  [1m[36mbegin transaction[0m
  ↳ app/controllers/todos_controller.rb:41:in `block in create'
  [1m[36mTodo Create (0.6ms)[0m  [1m[32mINSERT INTO "todos" ("title", "status", "created_at", "updated_at") VALUES (?, ?, ?, ?)[0m  [["title", "Stimulus"], ["status", 0], ["created_at", "2022-06-09 08:12:34.338336"], ["updated_at", "2022-06-09 08:12:34.338336"]]
  ↳ app/controllers/todos_controller.rb:41:in `block in create'
  [1m[36mTRANSACTION (3.4ms)[0m  [1m[36mcommit transaction[0m
  ↳ app/controllers/todos_controller.rb:41:in `block in create'
No template found for TodosController#create, rendering head :no_content
Completed 204 No Content in 15ms (ActiveRecord: 4.1ms | Allocations: 2481)


Started POST "/todos" for ::1 at 2022-06-09 16:12:35 +0800
Processing by TodosController#create as TURBO_STREAM
  Parameters: {"authenticity_token"=>"[FILTERED]", "todo"=>{"title"=>"Stimulus"}, "commit"=>"Create Todo"}
  [1m[36mTRANSACTION (0.1ms)[0m  [1m[36mbegin transaction[0m
  ↳ app/controllers/todos_controller.rb:41:in `block in create'
  [1m[36mTodo Create (0.6ms)[0m  [1m[32mINSERT INTO "todos" ("title", "status", "created_at", "updated_at") VALUES (?, ?, ?, ?)[0m  [["title", "Stimulus"], ["status", 0], ["created_at", "2022-06-09 08:12:35.792523"], ["updated_at", "2022-06-09 08:12:35.792523"]]
  ↳ app/controllers/todos_controller.rb:41:in `block in create'
  [1m[36mTRANSACTION (3.5ms)[0m  [1m[36mcommit transaction[0m
  ↳ app/controllers/todos_controller.rb:41:in `block in create'
No template found for TodosController#create, rendering head :no_content
Completed 204 No Content in 15ms (ActiveRecord: 4.3ms | Allocations: 2486)


Started POST "/todos" for ::1 at 2022-06-09 16:12:43 +0800
Processing by TodosController#create as TURBO_STREAM
  Parameters: {"authenticity_token"=>"[FILTERED]", "todo"=>{"title"=>"tank"}, "commit"=>"Create Todo"}
  [1m[36mTRANSACTION (0.0ms)[0m  [1m[36mbegin transaction[0m
  ↳ app/controllers/todos_controller.rb:41:in `block in create'
  [1m[36mTodo Create (0.2ms)[0m  [1m[32mINSERT INTO "todos" ("title", "status", "created_at", "updated_at") VALUES (?, ?, ?, ?)[0m  [["title", "tank"], ["status", 0], ["created_at", "2022-06-09 08:12:43.669262"], ["updated_at", "2022-06-09 08:12:43.669262"]]
  ↳ app/controllers/todos_controller.rb:41:in `block in create'
  [1m[36mTRANSACTION (2.6ms)[0m  [1m[36mcommit transaction[0m
  ↳ app/controllers/todos_controller.rb:41:in `block in create'
No template found for TodosController#create, rendering head :no_content
Completed 204 No Content in 6ms (ActiveRecord: 2.8ms | Allocations: 2438)


Started GET "/todos" for ::1 at 2022-06-09 16:14:06 +0800
Processing by TodosController#index as HTML
  Rendering layout layouts/application.html.erb
  Rendering todos/index.html.erb within layouts/application
  Rendered todos/_form.html.erb (Duration: 4.5ms | Allocations: 1123)
  [1m[36mTodo Load (0.3ms)[0m  [1m[34mSELECT "todos".* FROM "todos"[0m
  ↳ app/views/todos/index.html.erb:9
  Rendered collection of todos/_todo.html.erb [5 times] (Duration: 0.5ms | Allocations: 112)
  Rendered todos/index.html.erb within layouts/application (Duration: 8.8ms | Allocations: 2076)
  Rendered layout layouts/application.html.erb (Duration: 19.7ms | Allocations: 8686)
Completed 200 OK in 22ms (Views: 20.7ms | ActiveRecord: 0.3ms | Allocations: 9060)


Started GET "/todos" for ::1 at 2022-06-09 16:14:07 +0800
Processing by TodosController#index as HTML
  Rendering layout layouts/application.html.erb
  Rendering todos/index.html.erb within layouts/application
  Rendered todos/_form.html.erb (Duration: 4.3ms | Allocations: 1050)
  [1m[36mTodo Load (0.3ms)[0m  [1m[34mSELECT "todos".* FROM "todos"[0m
  ↳ app/views/todos/index.html.erb:9
  Rendered collection of todos/_todo.html.erb [5 times] (Duration: 0.6ms | Allocations: 106)
  Rendered todos/index.html.erb within layouts/application (Duration: 9.3ms | Allocations: 1958)
  Rendered layout layouts/application.html.erb (Duration: 22.6ms | Allocations: 8543)
Completed 200 OK in 25ms (Views: 23.3ms | ActiveRecord: 0.3ms | Allocations: 8881)


Started POST "/todos" for ::1 at 2022-06-09 16:14:15 +0800
Processing by TodosController#create as TURBO_STREAM
  Parameters: {"authenticity_token"=>"[FILTERED]", "todo"=>{"title"=>"B-25"}, "commit"=>"Create Todo"}
  [1m[36mTRANSACTION (0.0ms)[0m  [1m[36mbegin transaction[0m
  ↳ app/controllers/todos_controller.rb:41:in `block in create'
  [1m[36mTodo Create (0.2ms)[0m  [1m[32mINSERT INTO "todos" ("title", "status", "created_at", "updated_at") VALUES (?, ?, ?, ?)[0m  [["title", "B-25"], ["status", 0], ["created_at", "2022-06-09 08:14:15.552756"], ["updated_at", "2022-06-09 08:14:15.552756"]]
  ↳ app/controllers/todos_controller.rb:41:in `block in create'
  [1m[36mTRANSACTION (2.7ms)[0m  [1m[36mcommit transaction[0m
  ↳ app/controllers/todos_controller.rb:41:in `block in create'
No template found for TodosController#create, rendering head :no_content
Completed 204 No Content in 6ms (ActiveRecord: 2.9ms | Allocations: 2436)


Started GET "/todos" for ::1 at 2022-06-09 16:14:19 +0800
Processing by TodosController#index as HTML
  Rendering layout layouts/application.html.erb
  Rendering todos/index.html.erb within layouts/application
  Rendered todos/_form.html.erb (Duration: 1.2ms | Allocations: 1017)
  [1m[36mTodo Load (0.1ms)[0m  [1m[34mSELECT "todos".* FROM "todos"[0m
  ↳ app/views/todos/index.html.erb:9
  Rendered collection of todos/_todo.html.erb [6 times] (Duration: 0.1ms | Allocations: 125)
  Rendered todos/index.html.erb within layouts/application (Duration: 2.5ms | Allocations: 1954)
  Rendered layout layouts/application.html.erb (Duration: 7.7ms | Allocations: 8732)
Completed 200 OK in 9ms (Views: 8.2ms | ActiveRecord: 0.1ms | Allocations: 9070)


Started POST "/todos" for ::1 at 2022-06-09 16:14:30 +0800
Processing by TodosController#create as TURBO_STREAM
  Parameters: {"authenticity_token"=>"[FILTERED]", "todo"=>{"title"=>"P-51 Mustang"}, "commit"=>"Create Todo"}
  [1m[36mTRANSACTION (0.0ms)[0m  [1m[36mbegin transaction[0m
  ↳ app/controllers/todos_controller.rb:41:in `block in create'
  [1m[36mTodo Create (0.2ms)[0m  [1m[32mINSERT INTO "todos" ("title", "status", "created_at", "updated_at") VALUES (?, ?, ?, ?)[0m  [["title", "P-51 Mustang"], ["status", 0], ["created_at", "2022-06-09 08:14:30.511547"], ["updated_at", "2022-06-09 08:14:30.511547"]]
  ↳ app/controllers/todos_controller.rb:41:in `block in create'
  [1m[36mTRANSACTION (2.8ms)[0m  [1m[36mcommit transaction[0m
  ↳ app/controllers/todos_controller.rb:41:in `block in create'
No template found for TodosController#create, rendering head :no_content
Completed 204 No Content in 6ms (ActiveRecord: 3.0ms | Allocations: 2468)


Started GET "/todos" for ::1 at 2022-06-09 16:14:32 +0800
Processing by TodosController#index as HTML
  Rendering layout layouts/application.html.erb
  Rendering todos/index.html.erb within layouts/application
  Rendered todos/_form.html.erb (Duration: 1.2ms | Allocations: 1023)
  [1m[36mTodo Load (0.1ms)[0m  [1m[34mSELECT "todos".* FROM "todos"[0m
  ↳ app/views/todos/index.html.erb:9
  Rendered collection of todos/_todo.html.erb [7 times] (Duration: 0.2ms | Allocations: 144)
  Rendered todos/index.html.erb within layouts/application (Duration: 2.4ms | Allocations: 1988)
  Rendered layout layouts/application.html.erb (Duration: 7.0ms | Allocations: 8572)
Completed 200 OK in 8ms (Views: 7.3ms | ActiveRecord: 0.1ms | Allocations: 8909)


Started GET "/todos" for ::1 at 2022-06-09 16:15:39 +0800
Processing by TodosController#index as HTML
  Rendering layout layouts/application.html.erb
  Rendering todos/index.html.erb within layouts/application
  Rendered todos/_form.html.erb (Duration: 1.5ms | Allocations: 1601)
  [1m[36mTodo Load (0.1ms)[0m  [1m[34mSELECT "todos".* FROM "todos"[0m
  ↳ app/views/todos/index.html.erb:9
  Rendered collection of todos/_todo.html.erb [7 times] (Duration: 1.0ms | Allocations: 994)
  Rendered todos/index.html.erb within layouts/application (Duration: 4.3ms | Allocations: 3844)
  Rendered layout layouts/application.html.erb (Duration: 9.6ms | Allocations: 10857)
Completed 200 OK in 11ms (Views: 10.8ms | ActiveRecord: 0.1ms | Allocations: 12046)


Started GET "/todos" for ::1 at 2022-06-09 16:16:00 +0800
Processing by TodosController#index as HTML
  Rendering layout layouts/application.html.erb
  Rendering todos/index.html.erb within layouts/application
  Rendered todos/_form.html.erb (Duration: 1.6ms | Allocations: 1613)
  [1m[36mTodo Load (0.2ms)[0m  [1m[34mSELECT "todos".* FROM "todos"[0m
  ↳ app/views/todos/index.html.erb:9
  Rendered collection of todos/_todo.html.erb [7 times] (Duration: 1.0ms | Allocations: 891)
  Rendered todos/index.html.erb within layouts/application (Duration: 4.6ms | Allocations: 3752)
  Rendered layout layouts/application.html.erb (Duration: 10.7ms | Allocations: 10788)
Completed 200 OK in 12ms (Views: 11.7ms | ActiveRecord: 0.2ms | Allocations: 11998)


Started GET "/todos/3/edit" for ::1 at 2022-06-09 16:16:22 +0800
Processing by TodosController#edit as HTML
  Parameters: {"id"=>"3"}
  [1m[36mTodo Load (0.4ms)[0m  [1m[34mSELECT "todos".* FROM "todos" WHERE "todos"."id" = ? LIMIT ?[0m  [["id", 3], ["LIMIT", 1]]
  ↳ app/controllers/todos_controller.rb:76:in `set_todo'
  Rendering todos/edit.html.erb
  Rendered todos/_form.html.erb (Duration: 2.4ms | Allocations: 1316)
  Rendered todos/edit.html.erb (Duration: 3.8ms | Allocations: 1715)
Completed 200 OK in 29ms (Views: 4.5ms | ActiveRecord: 0.4ms | Allocations: 7420)


Started GET "/todos/2/edit" for ::1 at 2022-06-09 16:16:35 +0800
Processing by TodosController#edit as HTML
  Parameters: {"id"=>"2"}
  [1m[36mTodo Load (0.1ms)[0m  [1m[34mSELECT "todos".* FROM "todos" WHERE "todos"."id" = ? LIMIT ?[0m  [["id", 2], ["LIMIT", 1]]
  ↳ app/controllers/todos_controller.rb:76:in `set_todo'
  Rendering todos/edit.html.erb
  Rendered todos/_form.html.erb (Duration: 1.0ms | Allocations: 1123)
  Rendered todos/edit.html.erb (Duration: 1.3ms | Allocations: 1285)
Completed 200 OK in 3ms (Views: 1.6ms | ActiveRecord: 0.1ms | Allocations: 2070)


